[root@localhost ~]# clear
[root@localhost ~]# bash 4.sh
20+0 записей получено
20+0 записей отправлено
 скопировано 20971520 байт (21 MB), 1,09722 c, 19,1 MB/c

real	0m1.127s
user	0m0.008s
sys	0m0.531s
20+0 записей получено
20+0 записей отправлено
 скопировано 20971520 байт (21 MB), 1,15545 c, 18,2 MB/c

real	0m1.196s
user	0m0.005s
sys	0m0.643s
[root@localhost ~]# bash 5.sh
Вт июн 11 15:20:20 MSK 2019 Start process  with nice 19
Вт июн 11 15:20:20 MSK 2019  End process  with nice 19

real	0m0.017s
user	0m0.004s
sys	0m0.013s
Вт июн 11 15:20:20 MSK 2019  Start process  with nice -20
Вт июн 11 15:20:20 MSK 2019  End process  with nice -20

real	0m0.015s
user	0m0.004s
sys	0m0.011s
[root@localhost ~]# 
